<?xml version="1.0" encoding="UTF-8"?>
<testng-results ignored="0" total="1" passed="1" failed="0" skipped="0">
  <reporter-output>
  </reporter-output>
  <suite started-at="2022-09-08T15:41:29 IST" name="Default suite" finished-at="2022-09-08T15:42:30 IST" duration-ms="61205">
    <groups>
    </groups>
    <test started-at="2022-09-08T15:41:29 IST" name="Default test" finished-at="2022-09-08T15:42:30 IST" duration-ms="61205">
      <class name="appiumpractice.BrowserStackPractices">
        <test-method signature="browserStackPractices()[pri:0, instance:appiumpractice.BrowserStackPractices@68c9133c]" started-at="2022-09-08T15:41:29 IST" name="browserStackPractices" finished-at="2022-09-08T15:42:30 IST" duration-ms="61142" status="PASS">
          <reporter-output>
          </reporter-output>
        </test-method> <!-- browserStackPractices -->
      </class> <!-- appiumpractice.BrowserStackPractices -->
    </test> <!-- Default test -->
  </suite> <!-- Default suite -->
</testng-results>
